<?xml version="1.0" encoding="UTF-8"?>
<!-- Generated by org.testng.reporters.JUnitReportReporter -->
<testsuite hostname="sramamo1" failures="2" tests="3" name="activities.Activity3" time="4.531" errors="0" timestamp="2021-07-13T21:00:38 IST" skipped="0">
  <testcase classname="activities.Activity3" name="getRequest" time="2.979"/>
  <system-out>
    <![CDATA[[
    {
        "id": 47095934,
        "key": "ssh-rsa AAAAB3NzaC1yc2EAAAADAQABAAABAQC09ehUa5wgf+GaEVyEjimUI53okXjd0hAUvGLPIqud66A+wWCor+LMJIz6wk9KVxrmQXM9eIvxpjtCVyuZZXAL5kg2Mdl53H1h5eEzsPM4Ro171KXId2D4CJRJ9/462uqzrNCY2Ip24/KsVIHn76AKxPWzHga0MVlFGFmey8guTESfSZ1bd87+kX47uXFEJqLeng08auUIsv3f8vFIm4TLbqIM48u4CEuwwCutAFuCP9rF3EyGcjtWfrttT6l+W+/CXwOFENNQ5lE0ZRkcLmeNFV3XUMphCHCIaTK5zYqFLkEUg9IcSmB7EBKW8MB7rpxFWWmftyqPPxrK1pb3FQd3",
        "url": "https://api.github.com/user/keys/47095934",
        "title": "Test",
        "verified": true,
        "created_at": "2020-10-19T10:45:20Z",
        "read_only": false
    },
    {
        "id": 54750743,
        "key": "ssh-rsa AAAAB3NzaC1yc2EAAAADAQABAAABAQCj5Ugo80z149HVRrXFTg5EfZdNMChARPhGErP4ET9vgQWFviwYUXzhSM3EIt8V+9q9o36rB4Lwcb5UL3k26kymWRd+kY698Te7vsk8jDz7VIM3ks/PE8RAm7W9as4SnF7Ov2plLfr3wpHL9YpaUs/9ikVEjA+j+oX0pfEoFeAaXY7d5hJK7Bq+WujJ0Xuo+UQgUAM/teZREvUlP7Nkz6nahB29Y1F+yARsfSbu6+iv05KZnM02Gb02nAv00dWriVGpM5IJoy6kHL3iHMwtDeDsGVGpIpYJbidw952Je9YPvUEVmWOIDVjAQhdNy4rSHacS5BquCkvjG/ofld3wNAcb",
        "url": "https://api.github.com/user/keys/54750743",
        "title": "TestKey",
        "verified": true,
        "created_at": "2021-07-13T04:45:48Z",
        "read_only": false
    },
    {
        "id": 54750784,
        "key": "ssh-rsa AAAAB3NzaC1yc2EAAAADAQABAAABAQCITosi5CsIHOTD0uGSR9sSE/quxJ6zeFHtBsk1qr+xWeY/TX9kxrTcnMS7H4IvBi60Gul1DyjfNjd806tSiSjmqhg8QzLVz6tHQCMQIA6FsndmxS4ABcBv1XmMYfiqjR8z2FSFTOROlP/ZjulN8ehqgA78IzR7bT/IL374npaX3Ru0keXoIrQ3RQNCZ+6Vd8JytzQ5AOXnCKik7gu9hHJJIIh5RhSecTY/Gg7HpGmKBAGTf2z5Q3a+RRB3YC2APiBD+SQi6AKLJ2TfRcP9NN54ASCQNscaxYOs++eJHbyaNyy9sM4T6WoH9NsxcOR5fhUx6IOrgB1h4BZgIDVorzbB",
        "url": "https://api.github.com/user/keys/54750784",
        "title": "TestKey",
        "verified": true,
        "created_at": "2021-07-13T04:48:42Z",
        "read_only": false
    },
    {
        "id": 54750828,
        "key": "ssh-rsa AAAAB3NzaC1yc2EAAAADAQABAAABAQDNlKLZKmIwrOD3tNbWIvLBk+F1956Pu33wv5F+c3w7N4KkL0l8N5I4Yd82p3zU8sJrr5Q2c8zKAUYCyvXHjWnKeqoGO8aBgLOno20ePAwkIB4dywssmXbajVXmMpEGqNhSoyt87PdnX+w8ERApkH7O1WK4WLoH+nx+vcQtdy3h+DjIjNFtKwMM68ocNLyU0iuY+pc8dDIXedSIi4B4KN8wNHGRqB5RvMtHe69pXi8PvG5Nisqg5j7NUnRYBSNEjCWeN9UDUys5FbpZa4HKR1yKTEnLqWS+XRU6Zn6NYuix3tW1ejAL0hr1ltI53QBgL4hIMj6sixAxQpVw1ylZo51x",
        "url": "https://api.github.com/user/keys/54750828",
        "title": "TestKey",
        "verified": true,
        "created_at": "2021-07-13T04:52:11Z",
        "read_only": false
    }
]]]>
  </system-out>
  <testcase classname="activities.Activity3" name="postRequest" time="0.816">
    <failure message="1 expectation failed.
Expected status code &lt;200&gt; but was &lt;404&gt;.
" type="java.lang.AssertionError">
      <![CDATA[java.lang.AssertionError: 1 expectation failed.
Expected status code <200> but was <404>.

at java.base/jdk.internal.reflect.NativeConstructorAccessorImpl.newInstance0(Native Method)
at java.base/jdk.internal.reflect.NativeConstructorAccessorImpl.newInstance(NativeConstructorAccessorImpl.java:62)
at java.base/jdk.internal.reflect.DelegatingConstructorAccessorImpl.newInstance(DelegatingConstructorAccessorImpl.java:45)
at java.base/java.lang.reflect.Constructor.newInstance(Constructor.java:490)
at org.codehaus.groovy.reflection.CachedConstructor.invoke(CachedConstructor.java:72)
at org.codehaus.groovy.reflection.CachedConstructor.doConstructorInvoke(CachedConstructor.java:59)
at org.codehaus.groovy.runtime.callsite.ConstructorSite$ConstructorSiteNoUnwrap.callConstructor(ConstructorSite.java:84)
at org.codehaus.groovy.runtime.callsite.CallSiteArray.defaultCallConstructor(CallSiteArray.java:59)
at org.codehaus.groovy.runtime.callsite.AbstractCallSite.callConstructor(AbstractCallSite.java:263)
at org.codehaus.groovy.runtime.callsite.AbstractCallSite.callConstructor(AbstractCallSite.java:277)
at io.restassured.internal.ResponseSpecificationImpl$HamcrestAssertionClosure.validate(ResponseSpecificationImpl.groovy:493)
at io.restassured.internal.ResponseSpecificationImpl$HamcrestAssertionClosure$validate$1.call(Unknown Source)
at io.restassured.internal.ResponseSpecificationImpl.validate(ResponseSpecificationImpl.groovy:92)
at io.restassured.internal.ValidatableResponseOptionsImpl.spec(ValidatableResponseOptionsImpl.java:288)
at io.restassured.internal.ValidatableResponseImpl.super$2$spec(ValidatableResponseImpl.groovy)
at java.base/jdk.internal.reflect.NativeMethodAccessorImpl.invoke0(Native Method)
at java.base/jdk.internal.reflect.NativeMethodAccessorImpl.invoke(NativeMethodAccessorImpl.java:62)
at java.base/jdk.internal.reflect.DelegatingMethodAccessorImpl.invoke(DelegatingMethodAccessorImpl.java:43)
at java.base/java.lang.reflect.Method.invoke(Method.java:566)
at org.codehaus.groovy.reflection.CachedMethod.invoke(CachedMethod.java:107)
at groovy.lang.MetaMethod.doMethodInvoke(MetaMethod.java:323)
at groovy.lang.MetaClassImpl.invokeMethod(MetaClassImpl.java:1268)
at org.codehaus.groovy.runtime.ScriptBytecodeAdapter.invokeMethodOnSuperN(ScriptBytecodeAdapter.java:144)
at io.restassured.internal.ValidatableResponseImpl.spec(ValidatableResponseImpl.groovy:76)
at io.restassured.internal.ValidatableResponseImpl.spec(ValidatableResponseImpl.groovy)
at activities.Activity3.postRequest(Activity3.java:65)
at java.base/jdk.internal.reflect.NativeMethodAccessorImpl.invoke0(Native Method)
at java.base/jdk.internal.reflect.NativeMethodAccessorImpl.invoke(NativeMethodAccessorImpl.java:62)
at java.base/jdk.internal.reflect.DelegatingMethodAccessorImpl.invoke(DelegatingMethodAccessorImpl.java:43)
at java.base/java.lang.reflect.Method.invoke(Method.java:566)
at org.testng.internal.MethodInvocationHelper.invokeMethod(MethodInvocationHelper.java:133)
at org.testng.internal.TestInvoker.invokeMethod(TestInvoker.java:598)
at org.testng.internal.TestInvoker.invokeTestMethod(TestInvoker.java:173)
at org.testng.internal.MethodRunner.runInSequence(MethodRunner.java:46)
at org.testng.internal.TestInvoker$MethodInvocationAgent.invoke(TestInvoker.java:824)
at org.testng.internal.TestInvoker.invokeTestMethods(TestInvoker.java:146)
at org.testng.internal.TestMethodWorker.invokeTestMethods(TestMethodWorker.java:146)
at org.testng.internal.TestMethodWorker.run(TestMethodWorker.java:128)
at java.base/java.util.ArrayList.forEach(ArrayList.java:1541)
at org.testng.TestRunner.privateRun(TestRunner.java:794)
at org.testng.TestRunner.run(TestRunner.java:596)
at org.testng.SuiteRunner.runTest(SuiteRunner.java:377)
at org.testng.SuiteRunner.runSequentially(SuiteRunner.java:371)
at org.testng.SuiteRunner.privateRun(SuiteRunner.java:332)
at org.testng.SuiteRunner.run(SuiteRunner.java:276)
at org.testng.SuiteRunnerWorker.runSuite(SuiteRunnerWorker.java:53)
at org.testng.SuiteRunnerWorker.run(SuiteRunnerWorker.java:96)
at org.testng.TestNG.runSuitesSequentially(TestNG.java:1212)
at org.testng.TestNG.runSuitesLocally(TestNG.java:1134)
at org.testng.TestNG.runSuites(TestNG.java:1063)
at org.testng.TestNG.run(TestNG.java:1031)
at org.testng.remote.AbstractRemoteTestNG.run(AbstractRemoteTestNG.java:115)
at org.testng.remote.RemoteTestNG.initAndRun(RemoteTestNG.java:251)
at org.testng.remote.RemoteTestNG.main(RemoteTestNG.java:77)
]]>
    </failure>
  </testcase> <!-- postRequest -->
  <system-out/>
  <testcase classname="activities.Activity3" name="postRequest" time="0.736">
    <failure message="1 expectation failed.
Expected status code &lt;200&gt; but was &lt;404&gt;.
" type="java.lang.AssertionError">
      <![CDATA[java.lang.AssertionError: 1 expectation failed.
Expected status code <200> but was <404>.

at java.base/jdk.internal.reflect.NativeConstructorAccessorImpl.newInstance0(Native Method)
at java.base/jdk.internal.reflect.NativeConstructorAccessorImpl.newInstance(NativeConstructorAccessorImpl.java:62)
at java.base/jdk.internal.reflect.DelegatingConstructorAccessorImpl.newInstance(DelegatingConstructorAccessorImpl.java:45)
at java.base/java.lang.reflect.Constructor.newInstance(Constructor.java:490)
at org.codehaus.groovy.reflection.CachedConstructor.invoke(CachedConstructor.java:72)
at org.codehaus.groovy.reflection.CachedConstructor.doConstructorInvoke(CachedConstructor.java:59)
at org.codehaus.groovy.runtime.callsite.ConstructorSite$ConstructorSiteNoUnwrap.callConstructor(ConstructorSite.java:84)
at org.codehaus.groovy.runtime.callsite.AbstractCallSite.callConstructor(AbstractCallSite.java:277)
at io.restassured.internal.ResponseSpecificationImpl$HamcrestAssertionClosure.validate(ResponseSpecificationImpl.groovy:493)
at io.restassured.internal.ResponseSpecificationImpl$HamcrestAssertionClosure$validate$1.call(Unknown Source)
at io.restassured.internal.ResponseSpecificationImpl.validate(ResponseSpecificationImpl.groovy:92)
at io.restassured.internal.ValidatableResponseOptionsImpl.spec(ValidatableResponseOptionsImpl.java:288)
at io.restassured.internal.ValidatableResponseImpl.super$2$spec(ValidatableResponseImpl.groovy)
at java.base/jdk.internal.reflect.NativeMethodAccessorImpl.invoke0(Native Method)
at java.base/jdk.internal.reflect.NativeMethodAccessorImpl.invoke(NativeMethodAccessorImpl.java:62)
at java.base/jdk.internal.reflect.DelegatingMethodAccessorImpl.invoke(DelegatingMethodAccessorImpl.java:43)
at java.base/java.lang.reflect.Method.invoke(Method.java:566)
at org.codehaus.groovy.reflection.CachedMethod.invoke(CachedMethod.java:107)
at groovy.lang.MetaMethod.doMethodInvoke(MetaMethod.java:323)
at groovy.lang.MetaClassImpl.invokeMethod(MetaClassImpl.java:1268)
at org.codehaus.groovy.runtime.ScriptBytecodeAdapter.invokeMethodOnSuperN(ScriptBytecodeAdapter.java:144)
at io.restassured.internal.ValidatableResponseImpl.spec(ValidatableResponseImpl.groovy:76)
at io.restassured.internal.ValidatableResponseImpl.spec(ValidatableResponseImpl.groovy)
at activities.Activity3.postRequest(Activity3.java:65)
at java.base/jdk.internal.reflect.NativeMethodAccessorImpl.invoke0(Native Method)
at java.base/jdk.internal.reflect.NativeMethodAccessorImpl.invoke(NativeMethodAccessorImpl.java:62)
at java.base/jdk.internal.reflect.DelegatingMethodAccessorImpl.invoke(DelegatingMethodAccessorImpl.java:43)
at java.base/java.lang.reflect.Method.invoke(Method.java:566)
at org.testng.internal.MethodInvocationHelper.invokeMethod(MethodInvocationHelper.java:133)
at org.testng.internal.TestInvoker.invokeMethod(TestInvoker.java:598)
at org.testng.internal.TestInvoker.invokeTestMethod(TestInvoker.java:173)
at org.testng.internal.MethodRunner.runInSequence(MethodRunner.java:46)
at org.testng.internal.TestInvoker$MethodInvocationAgent.invoke(TestInvoker.java:824)
at org.testng.internal.TestInvoker.invokeTestMethods(TestInvoker.java:146)
at org.testng.internal.TestMethodWorker.invokeTestMethods(TestMethodWorker.java:146)
at org.testng.internal.TestMethodWorker.run(TestMethodWorker.java:128)
at java.base/java.util.ArrayList.forEach(ArrayList.java:1541)
at org.testng.TestRunner.privateRun(TestRunner.java:794)
at org.testng.TestRunner.run(TestRunner.java:596)
at org.testng.SuiteRunner.runTest(SuiteRunner.java:377)
at org.testng.SuiteRunner.runSequentially(SuiteRunner.java:371)
at org.testng.SuiteRunner.privateRun(SuiteRunner.java:332)
at org.testng.SuiteRunner.run(SuiteRunner.java:276)
at org.testng.SuiteRunnerWorker.runSuite(SuiteRunnerWorker.java:53)
at org.testng.SuiteRunnerWorker.run(SuiteRunnerWorker.java:96)
at org.testng.TestNG.runSuitesSequentially(TestNG.java:1212)
at org.testng.TestNG.runSuitesLocally(TestNG.java:1134)
at org.testng.TestNG.runSuites(TestNG.java:1063)
at org.testng.TestNG.run(TestNG.java:1031)
at org.testng.remote.AbstractRemoteTestNG.run(AbstractRemoteTestNG.java:115)
at org.testng.remote.RemoteTestNG.initAndRun(RemoteTestNG.java:251)
at org.testng.remote.RemoteTestNG.main(RemoteTestNG.java:77)
]]>
    </failure>
  </testcase> <!-- postRequest -->
  <system-out/>
</testsuite> <!-- activities.Activity3 -->
